<?xml version="1.0" encoding="UTF-8"?>
<testng-results ignored="0" total="4" passed="4" failed="0" skipped="0">
  <reporter-output>
  </reporter-output>
  <suite started-at="2022-01-09T16:43:26 IST" name="Suite" finished-at="2022-01-09T16:44:23 IST" duration-ms="56591">
    <groups>
    </groups>
    <test started-at="2022-01-09T16:43:26 IST" name="Test1" finished-at="2022-01-09T16:44:23 IST" duration-ms="56591">
      <class name="org.example.testClass2">
        <test-method signature="loginTest(java.lang.String,java.lang.String)[pri:0, instance:org.example.testClass2@5c30a9b0]" started-at="2022-01-09T16:43:37 IST" name="loginTest" data-provider="getData" finished-at="2022-01-09T16:43:55 IST" duration-ms="18351" status="PASS">
          <params>
            <param index="0">
              <value>
                <![CDATA[user1@gmail.com]]>
              </value>
            </param>
            <param index="1">
              <value>
                <![CDATA[user1]]>
              </value>
            </param>
          </params>
          <reporter-output>
          </reporter-output>
        </test-method> <!-- loginTest -->
        <test-method signature="loginTest(java.lang.String,java.lang.String)[pri:0, instance:org.example.testClass2@5c30a9b0]" started-at="2022-01-09T16:43:55 IST" name="loginTest" data-provider="getData" finished-at="2022-01-09T16:44:17 IST" duration-ms="21755" status="PASS">
          <params>
            <param index="0">
              <value>
                <![CDATA[user2@gmail.com]]>
              </value>
            </param>
            <param index="1">
              <value>
                <![CDATA[user2]]>
              </value>
            </param>
          </params>
          <reporter-output>
          </reporter-output>
        </test-method> <!-- loginTest -->
      </class> <!-- org.example.testClass2 -->
      <class name="org.example.testClass1">
        <test-method is-config="true" signature="setup()[pri:0, instance:org.example.testClass1@9353778]" started-at="2022-01-09T16:43:26 IST" name="setup" finished-at="2022-01-09T16:43:37 IST" duration-ms="10307" status="PASS">
          <reporter-output>
          </reporter-output>
        </test-method> <!-- setup -->
        <test-method signature="assertTest1()[pri:0, instance:org.example.testClass1@9353778]" started-at="2022-01-09T16:43:37 IST" name="assertTest1" finished-at="2022-01-09T16:43:37 IST" duration-ms="62" status="PASS">
          <reporter-output>
          </reporter-output>
        </test-method> <!-- assertTest1 -->
        <test-method signature="assertTest2()[pri:0, instance:org.example.testClass1@9353778]" started-at="2022-01-09T16:43:37 IST" name="assertTest2" finished-at="2022-01-09T16:43:37 IST" duration-ms="48" status="PASS">
          <reporter-output>
          </reporter-output>
        </test-method> <!-- assertTest2 -->
        <test-method is-config="true" signature="teardown()[pri:0, instance:org.example.testClass1@9353778]" started-at="2022-01-09T16:44:17 IST" name="teardown" finished-at="2022-01-09T16:44:23 IST" duration-ms="6018" status="PASS">
          <reporter-output>
          </reporter-output>
        </test-method> <!-- teardown -->
      </class> <!-- org.example.testClass1 -->
    </test> <!-- Test1 -->
  </suite> <!-- Suite -->
</testng-results>
