<?xml version="1.0" encoding="UTF-8"?>
<!-- Generated by org.testng.reporters.JUnitXMLReporter -->
<testsuite ignored="0" hostname="AVI" failures="0" tests="4" name="Test1" time="56.591" errors="0" timestamp="2022-01-09T16:44:23 IST">
  <testcase classname="org.example.testClass1" name="assertTest1" time="0.062"/>
  <testcase classname="org.example.testClass1" name="assertTest2" time="0.048"/>
  <testcase classname="org.example.testClass2" name="loginTest" time="18.351"/>
  <testcase classname="org.example.testClass2" name="loginTest" time="21.755"/>
</testsuite> <!-- Test1 -->
